8234bf9d-f766-4a19-ba7c-3f8df005bc63
    Bridge "25_sat"
        Controller "tcp:202.197.163.63:6653"
            is_connected: true
        fail_mode: secure
        Port "25_sat-eth1"
            Interface "25_sat-eth1"
        Port "25_sat-eth3"
            Interface "25_sat-eth3"
        Port "25_sat-eth4"
            Interface "25_sat-eth4"
        Port "25_sat-eth5"
            Interface "25_sat-eth5"
        Port "25_sat"
            Interface "25_sat"
                type: internal
        Port "25_sat-eth2"
            Interface "25_sat-eth2"
    Bridge "41_sat"
        Controller "tcp:202.197.163.63:6653"
            is_connected: true
        fail_mode: secure
        Port "41_sat-eth4"
            Interface "41_sat-eth4"
        Port "41_sat"
            Interface "41_sat"
                type: internal
        Port "41_sat-eth1"
            Interface "41_sat-eth1"
        Port "41_sat-eth5"
            Interface "41_sat-eth5"
        Port "41_sat-eth3"
            Interface "41_sat-eth3"
        Port "41_sat-eth2"
            Interface "41_sat-eth2"
    Bridge "52_sat"
        Controller "tcp:202.197.163.63:6653"
            is_connected: true
        fail_mode: secure
        Port "52_sat-eth2"
            Interface "52_sat-eth2"
        Port "52_sat"
            Interface "52_sat"
                type: internal
        Port "52_sat-eth3"
            Interface "52_sat-eth3"
        Port "52_sat-eth4"
            Interface "52_sat-eth4"
        Port "52_sat-eth1"
            Interface "52_sat-eth1"
        Port "52_sat-eth5"
            Interface "52_sat-eth5"
    Bridge "37_sat"
        Controller "tcp:202.197.163.63:6653"
            is_connected: true
        fail_mode: secure
        Port "37_sat-eth4"
            Interface "37_sat-eth4"
        Port "37_sat-eth2"
            Interface "37_sat-eth2"
        Port "37_sat-eth5"
            Interface "37_sat-eth5"
        Port "37_sat-eth3"
            Interface "37_sat-eth3"
        Port "37_sat"
            Interface "37_sat"
                type: internal
        Port "37_sat-eth1"
            Interface "37_sat-eth1"
    Bridge "10_sat"
        Controller "tcp:202.197.163.63:6653"
            is_connected: true
        fail_mode: secure
        Port "10_sat-eth1"
            Interface "10_sat-eth1"
        Port "10_sat"
            Interface "10_sat"
                type: internal
        Port "10_sat-eth2"
            Interface "10_sat-eth2"
        Port "10_sat-eth3"
            Interface "10_sat-eth3"
        Port "10_sat-eth4"
            Interface "10_sat-eth4"
    Bridge "55_sat"
        Controller "tcp:202.197.163.63:6653"
            is_connected: true
        fail_mode: secure
        Port "55_sat-eth1"
            Interface "55_sat-eth1"
        Port "55_sat-eth2"
            Interface "55_sat-eth2"
        Port "55_sat-eth4"
            Interface "55_sat-eth4"
        Port "55_sat"
            Interface "55_sat"
                type: internal
        Port "55_sat-eth3"
            Interface "55_sat-eth3"
    Bridge "61_sat"
        Controller "tcp:202.197.163.63:6653"
            is_connected: true
        fail_mode: secure
        Port "61_sat-eth2"
            Interface "61_sat-eth2"
        Port "61_sat-eth1"
            Interface "61_sat-eth1"
        Port "61_sat"
            Interface "61_sat"
                type: internal
        Port "61_sat-eth3"
            Interface "61_sat-eth3"
        Port "61_sat-eth4"
            Interface "61_sat-eth4"
    Bridge "48_sat"
        Controller "tcp:202.197.163.63:6653"
            is_connected: true
        fail_mode: secure
        Port "48_sat"
            Interface "48_sat"
                type: internal
        Port "48_sat-eth1"
            Interface "48_sat-eth1"
        Port "48_sat-eth5"
            Interface "48_sat-eth5"
        Port "48_sat-eth3"
            Interface "48_sat-eth3"
        Port "48_sat-eth2"
            Interface "48_sat-eth2"
        Port "48_sat-eth4"
            Interface "48_sat-eth4"
    Bridge "12_sat"
        Controller "tcp:202.197.163.63:6653"
            is_connected: true
        fail_mode: secure
        Port "12_sat-eth4"
            Interface "12_sat-eth4"
        Port "12_sat-eth2"
            Interface "12_sat-eth2"
        Port "12_sat-eth1"
            Interface "12_sat-eth1"
        Port "12_sat-eth3"
            Interface "12_sat-eth3"
        Port "12_sat-eth5"
            Interface "12_sat-eth5"
        Port "12_sat"
            Interface "12_sat"
                type: internal
    Bridge "44_sat"
        Controller "tcp:202.197.163.63:6653"
            is_connected: true
        fail_mode: secure
        Port "44_sat-eth3"
            Interface "44_sat-eth3"
        Port "44_sat-eth5"
            Interface "44_sat-eth5"
        Port "44_sat"
            Interface "44_sat"
                type: internal
        Port "44_sat-eth2"
            Interface "44_sat-eth2"
        Port "44_sat-eth4"
            Interface "44_sat-eth4"
        Port "44_sat-eth1"
            Interface "44_sat-eth1"
    Bridge "57_sat"
        Controller "tcp:202.197.163.63:6653"
            is_connected: true
        fail_mode: secure
        Port "57_sat-eth1"
            Interface "57_sat-eth1"
        Port "57_sat-eth4"
            Interface "57_sat-eth4"
        Port "57_sat"
            Interface "57_sat"
                type: internal
        Port "57_sat-eth3"
            Interface "57_sat-eth3"
        Port "57_sat-eth2"
            Interface "57_sat-eth2"
    Bridge "13_sat"
        Controller "tcp:202.197.163.63:6653"
            is_connected: true
        fail_mode: secure
        Port "13_sat-eth4"
            Interface "13_sat-eth4"
        Port "13_sat-eth3"
            Interface "13_sat-eth3"
        Port "13_sat-eth1"
            Interface "13_sat-eth1"
        Port "13_sat-eth5"
            Interface "13_sat-eth5"
        Port "13_sat-eth2"
            Interface "13_sat-eth2"
        Port "13_sat"
            Interface "13_sat"
                type: internal
    Bridge "53_sat"
        Controller "tcp:202.197.163.63:6653"
            is_connected: true
        fail_mode: secure
        Port "53_sat-eth2"
            Interface "53_sat-eth2"
        Port "53_sat"
            Interface "53_sat"
                type: internal
        Port "53_sat-eth5"
            Interface "53_sat-eth5"
        Port "53_sat-eth1"
            Interface "53_sat-eth1"
        Port "53_sat-eth3"
            Interface "53_sat-eth3"
        Port "53_sat-eth4"
            Interface "53_sat-eth4"
    Bridge "9_sat"
        Controller "tcp:202.197.163.63:6653"
            is_connected: true
        fail_mode: secure
        Port "9_sat"
            Interface "9_sat"
                type: internal
        Port "9_sat-eth4"
            Interface "9_sat-eth4"
        Port "9_sat-eth2"
            Interface "9_sat-eth2"
        Port "9_sat-eth3"
            Interface "9_sat-eth3"
        Port "9_sat-eth1"
            Interface "9_sat-eth1"
    Bridge "39_sat"
        Controller "tcp:202.197.163.63:6653"
            is_connected: true
        fail_mode: secure
        Port "39_sat-eth1"
            Interface "39_sat-eth1"
        Port "39_sat"
            Interface "39_sat"
                type: internal
        Port "39_sat-eth4"
            Interface "39_sat-eth4"
        Port "39_sat-eth2"
            Interface "39_sat-eth2"
        Port "39_sat-eth5"
            Interface "39_sat-eth5"
        Port "39_sat-eth3"
            Interface "39_sat-eth3"
    Bridge "29_sat"
        Controller "tcp:202.197.163.63:6653"
            is_connected: true
        fail_mode: secure
        Port "29_sat-eth3"
            Interface "29_sat-eth3"
        Port "29_sat-eth2"
            Interface "29_sat-eth2"
        Port "29_sat-eth5"
            Interface "29_sat-eth5"
        Port "29_sat-eth1"
            Interface "29_sat-eth1"
        Port "29_sat-eth4"
            Interface "29_sat-eth4"
        Port "29_sat"
            Interface "29_sat"
                type: internal
    Bridge "6_sat"
        Controller "tcp:202.197.163.63:6653"
            is_connected: true
        fail_mode: secure
        Port "6_sat-eth1"
            Interface "6_sat-eth1"
        Port "6_sat"
            Interface "6_sat"
                type: internal
        Port "6_sat-eth3"
            Interface "6_sat-eth3"
        Port "6_sat-eth4"
            Interface "6_sat-eth4"
        Port "6_sat-eth2"
            Interface "6_sat-eth2"
    Bridge "11_sat"
        Controller "tcp:202.197.163.63:6653"
            is_connected: true
        fail_mode: secure
        Port "11_sat-eth5"
            Interface "11_sat-eth5"
        Port "11_sat-eth2"
            Interface "11_sat-eth2"
        Port "11_sat-eth4"
            Interface "11_sat-eth4"
        Port "11_sat-eth3"
            Interface "11_sat-eth3"
        Port "11_sat-eth1"
            Interface "11_sat-eth1"
        Port "11_sat"
            Interface "11_sat"
                type: internal
    Bridge "65_sat"
        Controller "tcp:202.197.163.63:6653"
            is_connected: true
        fail_mode: secure
        Port "65_sat-eth4"
            Interface "65_sat-eth4"
        Port "65_sat"
            Interface "65_sat"
                type: internal
        Port "65_sat-eth2"
            Interface "65_sat-eth2"
        Port "65_sat-eth1"
            Interface "65_sat-eth1"
        Port "65_sat-eth3"
            Interface "65_sat-eth3"
    Bridge "16_sat"
        Controller "tcp:202.197.163.63:6653"
            is_connected: true
        fail_mode: secure
        Port "16_sat-eth3"
            Interface "16_sat-eth3"
        Port "16_sat"
            Interface "16_sat"
                type: internal
        Port "16_sat-eth4"
            Interface "16_sat-eth4"
        Port "16_sat-eth2"
            Interface "16_sat-eth2"
        Port "16_sat-eth1"
            Interface "16_sat-eth1"
        Port "16_sat-eth5"
            Interface "16_sat-eth5"
    Bridge "24_sat"
        Controller "tcp:202.197.163.63:6653"
            is_connected: true
        fail_mode: secure
        Port "24_sat-eth3"
            Interface "24_sat-eth3"
        Port "24_sat-eth4"
            Interface "24_sat-eth4"
        Port "24_sat-eth2"
            Interface "24_sat-eth2"
        Port "24_sat-eth5"
            Interface "24_sat-eth5"
        Port "24_sat"
            Interface "24_sat"
                type: internal
        Port "24_sat-eth1"
            Interface "24_sat-eth1"
    Bridge "43_sat"
        Controller "tcp:202.197.163.63:6653"
            is_connected: true
        fail_mode: secure
        Port "43_sat-eth4"
            Interface "43_sat-eth4"
        Port "43_sat-eth1"
            Interface "43_sat-eth1"
        Port "43_sat-eth5"
            Interface "43_sat-eth5"
        Port "43_sat-eth2"
            Interface "43_sat-eth2"
        Port "43_sat-eth3"
            Interface "43_sat-eth3"
        Port "43_sat"
            Interface "43_sat"
                type: internal
    Bridge "30_sat"
        Controller "tcp:202.197.163.63:6653"
            is_connected: true
        fail_mode: secure
        Port "30_sat-eth4"
            Interface "30_sat-eth4"
        Port "30_sat-eth2"
            Interface "30_sat-eth2"
        Port "30_sat-eth1"
            Interface "30_sat-eth1"
        Port "30_sat-eth5"
            Interface "30_sat-eth5"
        Port "30_sat-eth3"
            Interface "30_sat-eth3"
        Port "30_sat"
            Interface "30_sat"
                type: internal
    Bridge "14_sat"
        Controller "tcp:202.197.163.63:6653"
            is_connected: true
        fail_mode: secure
        Port "14_sat-eth5"
            Interface "14_sat-eth5"
        Port "14_sat-eth3"
            Interface "14_sat-eth3"
        Port "14_sat-eth1"
            Interface "14_sat-eth1"
        Port "14_sat"
            Interface "14_sat"
                type: internal
        Port "14_sat-eth2"
            Interface "14_sat-eth2"
        Port "14_sat-eth4"
            Interface "14_sat-eth4"
    Bridge "60_sat"
        Controller "tcp:202.197.163.63:6653"
            is_connected: true
        fail_mode: secure
        Port "60_sat-eth2"
            Interface "60_sat-eth2"
        Port "60_sat-eth1"
            Interface "60_sat-eth1"
        Port "60_sat-eth3"
            Interface "60_sat-eth3"
        Port "60_sat-eth4"
            Interface "60_sat-eth4"
        Port "60_sat"
            Interface "60_sat"
                type: internal
    Bridge "63_sat"
        Controller "tcp:202.197.163.63:6653"
            is_connected: true
        fail_mode: secure
        Port "63_sat-eth2"
            Interface "63_sat-eth2"
        Port "63_sat-eth1"
            Interface "63_sat-eth1"
        Port "63_sat-eth3"
            Interface "63_sat-eth3"
        Port "63_sat"
            Interface "63_sat"
                type: internal
        Port "63_sat-eth4"
            Interface "63_sat-eth4"
    Bridge "20_sat"
        Controller "tcp:202.197.163.63:6653"
            is_connected: true
        fail_mode: secure
        Port "20_sat-eth1"
            Interface "20_sat-eth1"
        Port "20_sat"
            Interface "20_sat"
                type: internal
        Port "20_sat-eth5"
            Interface "20_sat-eth5"
        Port "20_sat-eth3"
            Interface "20_sat-eth3"
        Port "20_sat-eth4"
            Interface "20_sat-eth4"
        Port "20_sat-eth2"
            Interface "20_sat-eth2"
    Bridge "34_sat"
        Controller "tcp:202.197.163.63:6653"
            is_connected: true
        fail_mode: secure
        Port "34_sat-eth2"
            Interface "34_sat-eth2"
        Port "34_sat-eth1"
            Interface "34_sat-eth1"
        Port "34_sat"
            Interface "34_sat"
                type: internal
        Port "34_sat-eth4"
            Interface "34_sat-eth4"
        Port "34_sat-eth3"
            Interface "34_sat-eth3"
        Port "34_sat-eth5"
            Interface "34_sat-eth5"
    Bridge "1_sat"
        Controller "tcp:202.197.163.63:6653"
            is_connected: true
        fail_mode: secure
        Port "1_sat"
            Interface "1_sat"
                type: internal
        Port "1_sat-eth2"
            Interface "1_sat-eth2"
        Port "1_sat-eth1"
            Interface "1_sat-eth1"
        Port "1_sat-eth4"
            Interface "1_sat-eth4"
        Port "1_sat-eth3"
            Interface "1_sat-eth3"
    Bridge "32_sat"
        Controller "tcp:202.197.163.63:6653"
            is_connected: true
        fail_mode: secure
        Port "32_sat-eth2"
            Interface "32_sat-eth2"
        Port "32_sat-eth1"
            Interface "32_sat-eth1"
        Port "32_sat-eth4"
            Interface "32_sat-eth4"
        Port "32_sat-eth5"
            Interface "32_sat-eth5"
        Port "32_sat"
            Interface "32_sat"
                type: internal
        Port "32_sat-eth3"
            Interface "32_sat-eth3"
    Bridge "33_sat"
        Controller "tcp:202.197.163.63:6653"
            is_connected: true
        fail_mode: secure
        Port "33_sat"
            Interface "33_sat"
                type: internal
        Port "33_sat-eth5"
            Interface "33_sat-eth5"
        Port "33_sat-eth2"
            Interface "33_sat-eth2"
        Port "33_sat-eth1"
            Interface "33_sat-eth1"
        Port "33_sat-eth4"
            Interface "33_sat-eth4"
        Port "33_sat-eth3"
            Interface "33_sat-eth3"
    Bridge "59_sat"
        Controller "tcp:202.197.163.63:6653"
            is_connected: true
        fail_mode: secure
        Port "59_sat-eth4"
            Interface "59_sat-eth4"
        Port "59_sat-eth3"
            Interface "59_sat-eth3"
        Port "59_sat-eth2"
            Interface "59_sat-eth2"
        Port "59_sat"
            Interface "59_sat"
                type: internal
        Port "59_sat-eth1"
            Interface "59_sat-eth1"
    Bridge "22_sat"
        Controller "tcp:202.197.163.63:6653"
            is_connected: true
        fail_mode: secure
        Port "22_sat"
            Interface "22_sat"
                type: internal
        Port "22_sat-eth3"
            Interface "22_sat-eth3"
        Port "22_sat-eth1"
            Interface "22_sat-eth1"
        Port "22_sat-eth5"
            Interface "22_sat-eth5"
        Port "22_sat-eth4"
            Interface "22_sat-eth4"
        Port "22_sat-eth2"
            Interface "22_sat-eth2"
    Bridge "58_sat"
        Controller "tcp:202.197.163.63:6653"
            is_connected: true
        fail_mode: secure
        Port "58_sat-eth2"
            Interface "58_sat-eth2"
        Port "58_sat-eth4"
            Interface "58_sat-eth4"
        Port "58_sat"
            Interface "58_sat"
                type: internal
        Port "58_sat-eth3"
            Interface "58_sat-eth3"
        Port "58_sat-eth1"
            Interface "58_sat-eth1"
    Bridge "4_sat"
        Controller "tcp:202.197.163.63:6653"
            is_connected: true
        fail_mode: secure
        Port "4_sat"
            Interface "4_sat"
                type: internal
        Port "4_sat-eth4"
            Interface "4_sat-eth4"
        Port "4_sat-eth3"
            Interface "4_sat-eth3"
        Port "4_sat-eth2"
            Interface "4_sat-eth2"
        Port "4_sat-eth1"
            Interface "4_sat-eth1"
    Bridge "46_sat"
        Controller "tcp:202.197.163.63:6653"
            is_connected: true
        fail_mode: secure
        Port "46_sat-eth3"
            Interface "46_sat-eth3"
        Port "46_sat"
            Interface "46_sat"
                type: internal
        Port "46_sat-eth4"
            Interface "46_sat-eth4"
        Port "46_sat-eth5"
            Interface "46_sat-eth5"
        Port "46_sat-eth1"
            Interface "46_sat-eth1"
        Port "46_sat-eth2"
            Interface "46_sat-eth2"
    Bridge "23_sat"
        Controller "tcp:202.197.163.63:6653"
            is_connected: true
        fail_mode: secure
        Port "23_sat-eth1"
            Interface "23_sat-eth1"
        Port "23_sat-eth2"
            Interface "23_sat-eth2"
        Port "23_sat-eth3"
            Interface "23_sat-eth3"
        Port "23_sat-eth4"
            Interface "23_sat-eth4"
        Port "23_sat-eth5"
            Interface "23_sat-eth5"
        Port "23_sat"
            Interface "23_sat"
                type: internal
    Bridge "56_sat"
        Controller "tcp:202.197.163.63:6653"
            is_connected: true
        fail_mode: secure
        Port "56_sat-eth1"
            Interface "56_sat-eth1"
        Port "56_sat-eth2"
            Interface "56_sat-eth2"
        Port "56_sat-eth3"
            Interface "56_sat-eth3"
        Port "56_sat-eth4"
            Interface "56_sat-eth4"
        Port "56_sat"
            Interface "56_sat"
                type: internal
    Bridge "8_sat"
        Controller "tcp:202.197.163.63:6653"
            is_connected: true
        fail_mode: secure
        Port "8_sat"
            Interface "8_sat"
                type: internal
        Port "8_sat-eth3"
            Interface "8_sat-eth3"
        Port "8_sat-eth1"
            Interface "8_sat-eth1"
        Port "8_sat-eth4"
            Interface "8_sat-eth4"
        Port "8_sat-eth2"
            Interface "8_sat-eth2"
    Bridge "38_sat"
        Controller "tcp:202.197.163.63:6653"
            is_connected: true
        fail_mode: secure
        Port "38_sat-eth1"
            Interface "38_sat-eth1"
        Port "38_sat-eth4"
            Interface "38_sat-eth4"
        Port "38_sat-eth2"
            Interface "38_sat-eth2"
        Port "38_sat-eth5"
            Interface "38_sat-eth5"
        Port "38_sat"
            Interface "38_sat"
                type: internal
        Port "38_sat-eth3"
            Interface "38_sat-eth3"
    Bridge "15_sat"
        Controller "tcp:202.197.163.63:6653"
            is_connected: true
        fail_mode: secure
        Port "15_sat"
            Interface "15_sat"
                type: internal
        Port "15_sat-eth2"
            Interface "15_sat-eth2"
        Port "15_sat-eth4"
            Interface "15_sat-eth4"
        Port "15_sat-eth5"
            Interface "15_sat-eth5"
        Port "15_sat-eth1"
            Interface "15_sat-eth1"
        Port "15_sat-eth3"
            Interface "15_sat-eth3"
    Bridge "7_sat"
        Controller "tcp:202.197.163.63:6653"
            is_connected: true
        fail_mode: secure
        Port "7_sat"
            Interface "7_sat"
                type: internal
        Port "7_sat-eth2"
            Interface "7_sat-eth2"
        Port "7_sat-eth3"
            Interface "7_sat-eth3"
        Port "7_sat-eth4"
            Interface "7_sat-eth4"
        Port "7_sat-eth1"
            Interface "7_sat-eth1"
    Bridge "19_sat"
        Controller "tcp:202.197.163.63:6653"
            is_connected: true
        fail_mode: secure
        Port "19_sat-eth1"
            Interface "19_sat-eth1"
        Port "19_sat-eth3"
            Interface "19_sat-eth3"
        Port "19_sat-eth2"
            Interface "19_sat-eth2"
        Port "19_sat"
            Interface "19_sat"
                type: internal
        Port "19_sat-eth4"
            Interface "19_sat-eth4"
        Port "19_sat-eth5"
            Interface "19_sat-eth5"
    Bridge "21_sat"
        Controller "tcp:202.197.163.63:6653"
            is_connected: true
        fail_mode: secure
        Port "21_sat"
            Interface "21_sat"
                type: internal
        Port "21_sat-eth1"
            Interface "21_sat-eth1"
        Port "21_sat-eth4"
            Interface "21_sat-eth4"
        Port "21_sat-eth2"
            Interface "21_sat-eth2"
        Port "21_sat-eth3"
            Interface "21_sat-eth3"
        Port "21_sat-eth5"
            Interface "21_sat-eth5"
    Bridge "62_sat"
        Controller "tcp:202.197.163.63:6653"
            is_connected: true
        fail_mode: secure
        Port "62_sat-eth1"
            Interface "62_sat-eth1"
        Port "62_sat-eth2"
            Interface "62_sat-eth2"
        Port "62_sat"
            Interface "62_sat"
                type: internal
        Port "62_sat-eth4"
            Interface "62_sat-eth4"
        Port "62_sat-eth3"
            Interface "62_sat-eth3"
    Bridge "35_sat"
        Controller "tcp:202.197.163.63:6653"
            is_connected: true
        fail_mode: secure
        Port "35_sat-eth5"
            Interface "35_sat-eth5"
        Port "35_sat-eth1"
            Interface "35_sat-eth1"
        Port "35_sat-eth4"
            Interface "35_sat-eth4"
        Port "35_sat-eth2"
            Interface "35_sat-eth2"
        Port "35_sat-eth3"
            Interface "35_sat-eth3"
        Port "35_sat"
            Interface "35_sat"
                type: internal
    Bridge "42_sat"
        Controller "tcp:202.197.163.63:6653"
            is_connected: true
        fail_mode: secure
        Port "42_sat-eth1"
            Interface "42_sat-eth1"
        Port "42_sat-eth2"
            Interface "42_sat-eth2"
        Port "42_sat-eth4"
            Interface "42_sat-eth4"
        Port "42_sat"
            Interface "42_sat"
                type: internal
        Port "42_sat-eth5"
            Interface "42_sat-eth5"
        Port "42_sat-eth3"
            Interface "42_sat-eth3"
    Bridge "64_sat"
        Controller "tcp:202.197.163.63:6653"
            is_connected: true
        fail_mode: secure
        Port "64_sat-eth1"
            Interface "64_sat-eth1"
        Port "64_sat-eth2"
            Interface "64_sat-eth2"
        Port "64_sat-eth3"
            Interface "64_sat-eth3"
        Port "64_sat"
            Interface "64_sat"
                type: internal
        Port "64_sat-eth4"
            Interface "64_sat-eth4"
    Bridge "26_sat"
        Controller "tcp:202.197.163.63:6653"
            is_connected: true
        fail_mode: secure
        Port "26_sat-eth2"
            Interface "26_sat-eth2"
        Port "26_sat"
            Interface "26_sat"
                type: internal
        Port "26_sat-eth1"
            Interface "26_sat-eth1"
        Port "26_sat-eth4"
            Interface "26_sat-eth4"
        Port "26_sat-eth3"
            Interface "26_sat-eth3"
        Port "26_sat-eth5"
            Interface "26_sat-eth5"
    Bridge "36_sat"
        Controller "tcp:202.197.163.63:6653"
            is_connected: true
        fail_mode: secure
        Port "36_sat-eth2"
            Interface "36_sat-eth2"
        Port "36_sat-eth1"
            Interface "36_sat-eth1"
        Port "36_sat-eth5"
            Interface "36_sat-eth5"
        Port "36_sat-eth3"
            Interface "36_sat-eth3"
        Port "36_sat-eth4"
            Interface "36_sat-eth4"
        Port "36_sat"
            Interface "36_sat"
                type: internal
    Bridge "40_sat"
        Controller "tcp:202.197.163.63:6653"
            is_connected: true
        fail_mode: secure
        Port "40_sat-eth3"
            Interface "40_sat-eth3"
        Port "40_sat-eth4"
            Interface "40_sat-eth4"
        Port "40_sat-eth1"
            Interface "40_sat-eth1"
        Port "40_sat-eth5"
            Interface "40_sat-eth5"
        Port "40_sat-eth2"
            Interface "40_sat-eth2"
        Port "40_sat"
            Interface "40_sat"
                type: internal
    Bridge "28_sat"
        Controller "tcp:202.197.163.63:6653"
            is_connected: true
        fail_mode: secure
        Port "28_sat-eth2"
            Interface "28_sat-eth2"
        Port "28_sat"
            Interface "28_sat"
                type: internal
        Port "28_sat-eth4"
            Interface "28_sat-eth4"
        Port "28_sat-eth5"
            Interface "28_sat-eth5"
        Port "28_sat-eth3"
            Interface "28_sat-eth3"
        Port "28_sat-eth1"
            Interface "28_sat-eth1"
    Bridge "54_sat"
        Controller "tcp:202.197.163.63:6653"
            is_connected: true
        fail_mode: secure
        Port "54_sat-eth1"
            Interface "54_sat-eth1"
        Port "54_sat-eth4"
            Interface "54_sat-eth4"
        Port "54_sat-eth5"
            Interface "54_sat-eth5"
        Port "54_sat-eth2"
            Interface "54_sat-eth2"
        Port "54_sat-eth3"
            Interface "54_sat-eth3"
        Port "54_sat"
            Interface "54_sat"
                type: internal
    Bridge "5_sat"
        Controller "tcp:202.197.163.63:6653"
            is_connected: true
        fail_mode: secure
        Port "5_sat-eth1"
            Interface "5_sat-eth1"
        Port "5_sat-eth2"
            Interface "5_sat-eth2"
        Port "5_sat-eth3"
            Interface "5_sat-eth3"
        Port "5_sat"
            Interface "5_sat"
                type: internal
        Port "5_sat-eth4"
            Interface "5_sat-eth4"
    Bridge "50_sat"
        Controller "tcp:202.197.163.63:6653"
            is_connected: true
        fail_mode: secure
        Port "50_sat-eth3"
            Interface "50_sat-eth3"
        Port "50_sat"
            Interface "50_sat"
                type: internal
        Port "50_sat-eth2"
            Interface "50_sat-eth2"
        Port "50_sat-eth4"
            Interface "50_sat-eth4"
        Port "50_sat-eth5"
            Interface "50_sat-eth5"
        Port "50_sat-eth1"
            Interface "50_sat-eth1"
    Bridge "0_sat"
        Controller "tcp:202.197.163.63:6653"
            is_connected: true
        fail_mode: secure
        Port "0_sat-eth2"
            Interface "0_sat-eth2"
        Port "0_sat-eth3"
            Interface "0_sat-eth3"
        Port "0_sat"
            Interface "0_sat"
                type: internal
        Port "0_sat-eth4"
            Interface "0_sat-eth4"
        Port "0_sat-eth1"
            Interface "0_sat-eth1"
    Bridge "18_sat"
        Controller "tcp:202.197.163.63:6653"
            is_connected: true
        fail_mode: secure
        Port "18_sat-eth1"
            Interface "18_sat-eth1"
        Port "18_sat-eth2"
            Interface "18_sat-eth2"
        Port "18_sat-eth3"
            Interface "18_sat-eth3"
        Port "18_sat-eth5"
            Interface "18_sat-eth5"
        Port "18_sat-eth4"
            Interface "18_sat-eth4"
        Port "18_sat"
            Interface "18_sat"
                type: internal
    Bridge "27_sat"
        Controller "tcp:202.197.163.63:6653"
            is_connected: true
        fail_mode: secure
        Port "27_sat-eth5"
            Interface "27_sat-eth5"
        Port "27_sat-eth1"
            Interface "27_sat-eth1"
        Port "27_sat-eth3"
            Interface "27_sat-eth3"
        Port "27_sat"
            Interface "27_sat"
                type: internal
        Port "27_sat-eth2"
            Interface "27_sat-eth2"
        Port "27_sat-eth4"
            Interface "27_sat-eth4"
    Bridge "31_sat"
        Controller "tcp:202.197.163.63:6653"
            is_connected: true
        fail_mode: secure
        Port "31_sat-eth2"
            Interface "31_sat-eth2"
        Port "31_sat-eth5"
            Interface "31_sat-eth5"
        Port "31_sat-eth3"
            Interface "31_sat-eth3"
        Port "31_sat-eth4"
            Interface "31_sat-eth4"
        Port "31_sat"
            Interface "31_sat"
                type: internal
        Port "31_sat-eth1"
            Interface "31_sat-eth1"
    Bridge "47_sat"
        Controller "tcp:202.197.163.63:6653"
            is_connected: true
        fail_mode: secure
        Port "47_sat-eth1"
            Interface "47_sat-eth1"
        Port "47_sat-eth3"
            Interface "47_sat-eth3"
        Port "47_sat-eth2"
            Interface "47_sat-eth2"
        Port "47_sat-eth5"
            Interface "47_sat-eth5"
        Port "47_sat"
            Interface "47_sat"
                type: internal
        Port "47_sat-eth4"
            Interface "47_sat-eth4"
    Bridge "3_sat"
        Controller "tcp:202.197.163.63:6653"
            is_connected: true
        fail_mode: secure
        Port "3_sat-eth4"
            Interface "3_sat-eth4"
        Port "3_sat-eth3"
            Interface "3_sat-eth3"
        Port "3_sat"
            Interface "3_sat"
                type: internal
        Port "3_sat-eth1"
            Interface "3_sat-eth1"
        Port "3_sat-eth2"
            Interface "3_sat-eth2"
    Bridge "49_sat"
        Controller "tcp:202.197.163.63:6653"
            is_connected: true
        fail_mode: secure
        Port "49_sat-eth2"
            Interface "49_sat-eth2"
        Port "49_sat-eth5"
            Interface "49_sat-eth5"
        Port "49_sat-eth4"
            Interface "49_sat-eth4"
        Port "49_sat"
            Interface "49_sat"
                type: internal
        Port "49_sat-eth3"
            Interface "49_sat-eth3"
        Port "49_sat-eth1"
            Interface "49_sat-eth1"
    Bridge "45_sat"
        Controller "tcp:202.197.163.63:6653"
            is_connected: true
        fail_mode: secure
        Port "45_sat"
            Interface "45_sat"
                type: internal
        Port "45_sat-eth5"
            Interface "45_sat-eth5"
        Port "45_sat-eth1"
            Interface "45_sat-eth1"
        Port "45_sat-eth4"
            Interface "45_sat-eth4"
        Port "45_sat-eth2"
            Interface "45_sat-eth2"
        Port "45_sat-eth3"
            Interface "45_sat-eth3"
    Bridge "2_sat"
        Controller "tcp:202.197.163.63:6653"
            is_connected: true
        fail_mode: secure
        Port "2_sat"
            Interface "2_sat"
                type: internal
        Port "2_sat-eth4"
            Interface "2_sat-eth4"
        Port "2_sat-eth2"
            Interface "2_sat-eth2"
        Port "2_sat-eth1"
            Interface "2_sat-eth1"
        Port "2_sat-eth3"
            Interface "2_sat-eth3"
    Bridge "17_sat"
        Controller "tcp:202.197.163.63:6653"
            is_connected: true
        fail_mode: secure
        Port "17_sat"
            Interface "17_sat"
                type: internal
        Port "17_sat-eth1"
            Interface "17_sat-eth1"
        Port "17_sat-eth3"
            Interface "17_sat-eth3"
        Port "17_sat-eth4"
            Interface "17_sat-eth4"
        Port "17_sat-eth5"
            Interface "17_sat-eth5"
        Port "17_sat-eth2"
            Interface "17_sat-eth2"
    Bridge "51_sat"
        Controller "tcp:202.197.163.63:6653"
            is_connected: true
        fail_mode: secure
        Port "51_sat-eth4"
            Interface "51_sat-eth4"
        Port "51_sat-eth3"
            Interface "51_sat-eth3"
        Port "51_sat-eth1"
            Interface "51_sat-eth1"
        Port "51_sat-eth2"
            Interface "51_sat-eth2"
        Port "51_sat"
            Interface "51_sat"
                type: internal
        Port "51_sat-eth5"
            Interface "51_sat-eth5"
    ovs_version: "2.9.8"
